2022-11-08 10:33:48,197 INFO  [Log] opened Application 
2022-11-08 10:33:49,201 INFO  [Log] login completed 
2022-11-08 10:33:49,279 INFO  [Log] logout Completed 
2022-11-08 10:33:49,453 INFO  [Log] close application 
2022-11-08 10:40:03,921 INFO  [Log] opened Application 
2022-11-08 10:40:04,732 INFO  [Log] login completed 
2022-11-08 10:40:04,779 INFO  [Log] logout Completed 
2022-11-08 10:40:04,926 INFO  [Log] close application 
2022-11-08 10:40:05,983 INFO  [Log] opened Application 
2022-11-08 10:40:07,036 INFO  [Log] login completed 
2022-11-08 10:40:09,392 INFO  [Log] add Employee Completed 
2022-11-08 10:40:09,437 INFO  [Log] logout Completed 
2022-11-08 10:40:09,586 INFO  [Log] close application 
2022-11-08 10:40:10,619 INFO  [Log] opened Application 
2022-11-08 10:40:11,629 INFO  [Log] login completed 
2022-11-08 10:40:27,297 INFO  [Log] logout Completed 
2022-11-08 10:40:27,487 INFO  [Log] close application 
2022-11-08 10:45:23,047 INFO  [Log] opened Application 
2022-11-08 10:45:24,265 INFO  [Log] login completed 
2022-11-08 10:45:24,336 INFO  [Log] logout Completed 
2022-11-08 10:45:24,519 INFO  [Log] close application 
2022-11-08 10:45:25,783 INFO  [Log] opened Application 
2022-11-08 10:45:26,840 INFO  [Log] login completed 
2022-11-08 10:45:29,279 INFO  [Log] add Employee Completed 
2022-11-08 10:45:29,328 INFO  [Log] logout Completed 
2022-11-08 10:45:29,490 INFO  [Log] close application 
2022-11-08 10:45:30,851 INFO  [Log] opened Application 
2022-11-08 10:45:31,900 INFO  [Log] login completed 
2022-11-08 10:45:48,727 INFO  [Log] logout Completed 
2022-11-08 10:45:48,894 INFO  [Log] close application 
2022-11-08 10:45:50,213 INFO  [Log] opened Application 
2022-11-08 10:45:51,812 INFO  [Log] login completed 
